{"/sandbox/src/Roller.ts": {"path":"/sandbox/src/Roller.ts","statementMap":{"0":{"start":{"line":10,"column":8},"end":{"line":23,"column":null}},"1":{"start":{"line":11,"column":12},"end":{"line":11,"column":32}},"2":{"start":{"line":12,"column":12},"end":{"line":14,"column":null}},"3":{"start":{"line":12,"column":25},"end":{"line":12,"column":26}},"4":{"start":{"line":13,"column":16},"end":{"line":13,"column":45}},"5":{"start":{"line":18,"column":12},"end":{"line":18,"column":28}},"6":{"start":{"line":19,"column":12},"end":{"line":21,"column":null}},"7":{"start":{"line":19,"column":25},"end":{"line":19,"column":26}},"8":{"start":{"line":20,"column":16},"end":{"line":20,"column":45}},"9":{"start":{"line":37,"column":8},"end":{"line":45,"column":null}},"10":{"start":{"line":38,"column":20},"end":{"line":38,"column":49}},"11":{"start":{"line":39,"column":12},"end":{"line":39,"column":null}},"12":{"start":{"line":40,"column":12},"end":{"line":40,"column":31}},"13":{"start":{"line":41,"column":12},"end":{"line":41,"column":25}},"14":{"start":{"line":44,"column":12},"end":{"line":44,"column":21}},"15":{"start":{"line":52,"column":8},"end":{"line":54,"column":null}},"16":{"start":{"line":53,"column":9},"end":{"line":53,"column":27}},"17":{"start":{"line":55,"column":8},"end":{"line":55,"column":17}},"18":{"start":{"line":64,"column":8},"end":{"line":64,"column":34}},"19":{"start":{"line":1,"column":0},"end":{"line":1,"column":13}}},"fnMap":{"0":{"name":"(anonymous_0)","decl":{"start":{"line":9,"column":4},"end":{"line":9,"column":16}},"loc":{"start":{"line":9,"column":29},"end":{"line":24,"column":5}}},"1":{"name":"(anonymous_1)","decl":{"start":{"line":36,"column":4},"end":{"line":36,"column":8}},"loc":{"start":{"line":36,"column":22},"end":{"line":47,"column":5}}},"2":{"name":"(anonymous_2)","decl":{"start":{"line":51,"column":4},"end":{"line":51,"column":8}},"loc":{"start":{"line":51,"column":8},"end":{"line":56,"column":5}}},"3":{"name":"(anonymous_3)","decl":{"start":{"line":63,"column":4},"end":{"line":63,"column":16}},"loc":{"start":{"line":63,"column":16},"end":{"line":65,"column":5}}}},"branchMap":{"0":{"loc":{"start":{"line":10,"column":8},"end":{"line":23,"column":null}},"type":"if","locations":[{"start":{"line":10,"column":8},"end":{"line":23,"column":null}},{"start":{"line":17,"column":12},"end":{"line":23,"column":null}}]},"1":{"loc":{"start":{"line":37,"column":8},"end":{"line":45,"column":null}},"type":"if","locations":[{"start":{"line":37,"column":8},"end":{"line":45,"column":null}},{"start":{"line":43,"column":12},"end":{"line":45,"column":null}}]},"2":{"loc":{"start":{"line":52,"column":8},"end":{"line":54,"column":null}},"type":"if","locations":[{"start":{"line":52,"column":8},"end":{"line":54,"column":null}}]}},"s":{"0":7,"1":6,"2":6,"3":6,"4":6,"5":1,"6":1,"7":1,"8":1,"9":0,"10":0,"11":0,"12":0,"13":0,"14":0,"15":0,"16":0,"17":0,"18":0,"19":1},"f":{"0":7,"1":0,"2":0,"3":0},"b":{"0":[6,1],"1":[0,0],"2":[0]}}
}
