{"/sandbox/src/Roller.ts": {"path":"/sandbox/src/Roller.ts","statementMap":{"0":{"start":{"line":10,"column":8},"end":{"line":10,"column":39}},"1":{"start":{"line":11,"column":8},"end":{"line":24,"column":null}},"2":{"start":{"line":12,"column":12},"end":{"line":12,"column":32}},"3":{"start":{"line":13,"column":12},"end":{"line":15,"column":null}},"4":{"start":{"line":13,"column":25},"end":{"line":13,"column":26}},"5":{"start":{"line":14,"column":16},"end":{"line":14,"column":45}},"6":{"start":{"line":19,"column":12},"end":{"line":19,"column":28}},"7":{"start":{"line":20,"column":12},"end":{"line":22,"column":null}},"8":{"start":{"line":20,"column":25},"end":{"line":20,"column":26}},"9":{"start":{"line":21,"column":16},"end":{"line":21,"column":45}},"10":{"start":{"line":38,"column":8},"end":{"line":46,"column":null}},"11":{"start":{"line":39,"column":20},"end":{"line":39,"column":49}},"12":{"start":{"line":40,"column":12},"end":{"line":40,"column":null}},"13":{"start":{"line":41,"column":12},"end":{"line":41,"column":31}},"14":{"start":{"line":42,"column":12},"end":{"line":42,"column":25}},"15":{"start":{"line":45,"column":12},"end":{"line":45,"column":21}},"16":{"start":{"line":53,"column":8},"end":{"line":55,"column":null}},"17":{"start":{"line":54,"column":9},"end":{"line":54,"column":27}},"18":{"start":{"line":56,"column":8},"end":{"line":56,"column":17}},"19":{"start":{"line":65,"column":8},"end":{"line":65,"column":34}},"20":{"start":{"line":1,"column":0},"end":{"line":1,"column":13}}},"fnMap":{"0":{"name":"(anonymous_0)","decl":{"start":{"line":9,"column":4},"end":{"line":9,"column":16}},"loc":{"start":{"line":9,"column":29},"end":{"line":25,"column":5}}},"1":{"name":"(anonymous_1)","decl":{"start":{"line":37,"column":4},"end":{"line":37,"column":8}},"loc":{"start":{"line":37,"column":22},"end":{"line":48,"column":5}}},"2":{"name":"(anonymous_2)","decl":{"start":{"line":52,"column":4},"end":{"line":52,"column":8}},"loc":{"start":{"line":52,"column":8},"end":{"line":57,"column":5}}},"3":{"name":"(anonymous_3)","decl":{"start":{"line":64,"column":4},"end":{"line":64,"column":16}},"loc":{"start":{"line":64,"column":16},"end":{"line":66,"column":5}}}},"branchMap":{"0":{"loc":{"start":{"line":11,"column":8},"end":{"line":24,"column":null}},"type":"if","locations":[{"start":{"line":11,"column":8},"end":{"line":24,"column":null}},{"start":{"line":18,"column":12},"end":{"line":24,"column":null}}]},"1":{"loc":{"start":{"line":38,"column":8},"end":{"line":46,"column":null}},"type":"if","locations":[{"start":{"line":38,"column":8},"end":{"line":46,"column":null}},{"start":{"line":44,"column":12},"end":{"line":46,"column":null}}]},"2":{"loc":{"start":{"line":53,"column":8},"end":{"line":55,"column":null}},"type":"if","locations":[{"start":{"line":53,"column":8},"end":{"line":55,"column":null}}]}},"s":{"0":7,"1":7,"2":6,"3":6,"4":6,"5":20,"6":1,"7":1,"8":1,"9":6,"10":5,"11":5,"12":5,"13":5,"14":5,"15":0,"16":1,"17":0,"18":1,"19":4,"20":1},"f":{"0":7,"1":5,"2":1,"3":4},"b":{"0":[6,1],"1":[5,0],"2":[0]}}
}
